Build started 16-Feb-15 11:41:26 AM.
     1>Project "C:\Users\mrlol\Documents\GitHub\ProjectMarket\appz\appz.vcxproj" on node 2 (build target(s)).
     1>InitializeBuildStatus:
         Touching "Debug\appz.unsuccessfulbuild".
       ClCompile:
         c:\Program Files (x86)\Microsoft Visual Studio 10.0\VC\bin\CL.exe /c /IC:\Users\mrlol\Documents\GitHub\ProjectMarket\\glew\include /IC:\Users\mrlol\Documents\GitHub\ProjectMarket\\glfw\include /IC:\Users\mrlol\Documents\GitHub\ProjectMarket\\nyeh\Source /ZI /nologo /W3 /WX- /Od /Oy- /D WIN32 /D _DEBUG /D _CONSOLE /D _UNICODE /D UNICODE /Gm /EHsc /RTC1 /MDd /GS /fp:precise /Zc:wchar_t /Zc:forScope /Fo"Debug\\" /Fd"Debug\vc100.pdb" /Gd /TP /analyze- /errorReport:prompt Source\Application.cpp
         Application.cpp
     1>c:\users\mrlol\documents\github\projectmarket\appz\source\animations.h(91): warning C4099: 'drawOrder' : type name first seen using 'struct' now seen using 'class'
                 c:\users\mrlol\documents\github\projectmarket\appz\source\voxel.h(5) : see declaration of 'drawOrder'
     1>c:\users\mrlol\documents\github\projectmarket\appz\source\scenephysics.h(20): warning C4373: 'ScenePhysics::Update': virtual function overrides 'Scene::Update', previous versions of the compiler did not override when parameters only differed by const/volatile qualifiers
                 c:\users\mrlol\documents\github\projectmarket\appz\source\scene.h(37) : see declaration of 'Scene::Update'
       ManifestResourceCompile:
         C:\Program Files (x86)\Microsoft SDKs\Windows\v7.0A\bin\rc.exe /nologo /fo"Debug\appz.exe.embed.manifest.res" Debug\appz_manifest.rc 
       Link:
         c:\Program Files (x86)\Microsoft Visual Studio 10.0\VC\bin\link.exe /ERRORREPORT:PROMPT /OUT:"C:\Users\mrlol\Documents\GitHub\ProjectMarket\Debug\appz.exe" /INCREMENTAL /NOLOGO /LIBPATH:C:\Users\mrlol\Documents\GitHub\ProjectMarket\Debug /LIBPATH:C:\Users\mrlol\Documents\GitHub\ProjectMarket\\glew\lib /LIBPATH:"C:\Users\mrlol\Documents\GitHub\ProjectMarket\\glfw\lib-msvc100" glew32.lib glfw3.lib opengl32.lib winmm.lib scrubs.lib kernel32.lib user32.lib gdi32.lib winspool.lib comdlg32.lib advapi32.lib shell32.lib ole32.lib oleaut32.lib uuid.lib odbc32.lib odbccp32.lib /MANIFEST /ManifestFile:"Debug\appz.exe.intermediate.manifest" /MANIFESTUAC:"level='asInvoker' uiAccess='false'" /DEBUG /PDB:"C:\Users\mrlol\Documents\GitHub\ProjectMarket\Debug\appz.pdb" /SUBSYSTEM:CONSOLE /TLBID:1 /DYNAMICBASE /NXCOMPAT /IMPLIB:"C:\Users\mrlol\Documents\GitHub\ProjectMarket\Debug\appz.lib" /MACHINE:X86 Debug\appz.exe.embed.manifest.res
         Debug\Animations.obj
         Debug\Application.obj
         Debug\Camera.obj
         Debug\Contacts.obj
         Debug\ContactSolver.obj
         Debug\Directory.obj
         Debug\DrawObject.obj
         Debug\Force.obj
         Debug\GLMouse.obj
         Debug\Graphics.obj
         Debug\Keyboard.obj
         Debug\LoadOBJ.obj
         Debug\LoadTGA.obj
         Debug\main.obj
         Debug\Mesh.obj
         Debug\MeshBuilder.obj
         Debug\ScenePhysics.obj
         Debug\shader.obj
         Debug\Voxel.obj
     1>LINK : warning LNK4098: defaultlib 'MSVCRT' conflicts with use of other libs; use /NODEFAULTLIB:library
       Manifest:
         C:\Program Files (x86)\Microsoft SDKs\Windows\v7.0A\bin\mt.exe /nologo /verbose /out:"Debug\appz.exe.embed.manifest" /manifest Debug\appz.exe.intermediate.manifest
         All outputs are up-to-date.
       LinkEmbedManifest:
         All outputs are up-to-date.
         appz.vcxproj -> C:\Users\mrlol\Documents\GitHub\ProjectMarket\Debug\appz.exe
       FinalizeBuildStatus:
         Deleting file "Debug\appz.unsuccessfulbuild".
         Touching "Debug\appz.lastbuildstate".
     1>Done Building Project "C:\Users\mrlol\Documents\GitHub\ProjectMarket\appz\appz.vcxproj" (build target(s)).

Build succeeded.

Time Elapsed 00:00:06.81
